{
  "D:\\studia\\pipelines\\CI_CD_lab14\\functions.js": {
    "path": "D:\\studia\\pipelines\\CI_CD_lab14\\functions.js",
    "statementMap": {
      "0": {
        "start": { "line": 2, "column": 2 },
        "end": { "line": 2, "column": 15 }
      },
      "1": {
        "start": { "line": 6, "column": 2 },
        "end": { "line": 6, "column": 15 }
      },
      "2": {
        "start": { "line": 10, "column": 2 },
        "end": { "line": 10, "column": 15 }
      },
      "3": {
        "start": { "line": 12, "column": 0 },
        "end": { "line": 12, "column": 37 }
      }
    },
    "fnMap": {
      "0": {
        "name": "add",
        "decl": {
          "start": { "line": 1, "column": 9 },
          "end": { "line": 1, "column": 12 }
        },
        "loc": {
          "start": { "line": 1, "column": 19 },
          "end": { "line": 3, "column": 1 }
        },
        "line": 1
      },
      "1": {
        "name": "razy",
        "decl": {
          "start": { "line": 5, "column": 9 },
          "end": { "line": 5, "column": 13 }
        },
        "loc": {
          "start": { "line": 5, "column": 20 },
          "end": { "line": 7, "column": 1 }
        },
        "line": 5
      },
      "2": {
        "name": "divide",
        "decl": {
          "start": { "line": 9, "column": 9 },
          "end": { "line": 9, "column": 15 }
        },
        "loc": {
          "start": { "line": 9, "column": 22 },
          "end": { "line": 11, "column": 1 }
        },
        "line": 9
      }
    },
    "branchMap": {},
    "s": { "0": 3, "1": 3, "2": 0, "3": 2 },
    "f": { "0": 3, "1": 3, "2": 0 },
    "b": {},
    "_coverageSchema": "1a1c01bbd47fc00a2c39e90264f33305004495a9",
    "hash": "b2e60992b73e1440afb24151817c267548d94d69"
  }
}
